================================================================================
 AUTHENTIC CAPTURE — LegacySqlDemo (three observable scenarios)
================================================================================
 Command : dotnet run --project Samples/08_Misc/03_LegacySqlDemo/03_Misc.LegacySqlDemo.csproj -c Release --no-build
 Host    : Linux 6.6.122+ x86_64
 .NET SDK: 10.0.302
 DB      : postgres:16 (container stocksharp-review-cp2-db-1) via Host=localhost;Port=5432;Database=stocksharp;Username=postgres  [password redacted]
 DB state: freshly re-initialized (001_Schema -> 003_Triggers -> 004_SeedData)
 Started : 2026-07-18T00:29:43Z
================================================================================

Portfolio 'DEMO' = portfolio_id 1
Security 'AAPL@NASDAQ' = security_id 1

Submitting BUY 100 @ 150.00 (within limits)...
  -> order_id=1 is_valid=True reject_reason=(none)

Submitting BUY 10 @ 999.00 (price exceeds the seeded max_order_price limit)...
  -> order_id=2 is_valid=False reject_reason=Order price 999.00 meets/exceeds limit 500.0000
     Note: this rejection comes from the canonical PreTradeRiskService gate (Algo/Risk).
     The RiskManager circuit breaker shares the same canonical rolling-frequency evaluator
     and comparison convention (CanonicalRiskRules), so the gate and the breaker can no
     longer disagree on a frequency decision - see LEGACY_LAYER.md for the full rule map.

Recording a trade: 100 @ 150.00 against order #1...
  -> position after recalculation: qty=100.0000 avg_price=150.0000 realized_pnl=0.0000

Exit code: 0
Finished (UTC): 2026-07-18T00:29:45Z
