=== sys.procedures (expect ZERO business-logic stored procedures) ===
procedure_name                                                                                                                   type_desc                                                   
-------------------------------------------------------------------------------------------------------------------------------- ------------------------------------------------------------
summary                              
-------------------------------------
stored_procedure_count = 0           

=== sys.triggers (expect exactly one: trg_Orders_StatusAudit, a pure audit cascade) ===
trigger_name                                                                                                                     is_disabled parent_table                                                                                                                    
-------------------------------------------------------------------------------------------------------------------------------- ----------- --------------------------------------------------------------------------------------------------------------------------------
trg_Orders_StatusAudit                                                                                                                     0 Orders                                                                                                                          

=== sp_helptext trg_Orders_StatusAudit (proves audit-only: INSERT into OrderStatusHistory, no risk/P&L math) ===
Text                                                                                                                                                                                                                                                           
---------------------------------------------------------------------------------------------------------------------------------------------------------------------------------------------------------------------------------------------------------------

-- ============================================================================
-- trg_Orders_StatusAudit  (RETAINED - Option A, AAP 0.6.5)
--
-- Cascades an order status TRANSITION to OrderStatusHistory. Fires AFTER UPDATE and only
-- records when the s
tatus column is part of the UPDATE and the value actually changed - an
-- UPDATE that touches other columns (a price amendment, etc.) without changing status does
-- not create a history row. This is a pure audit cascade: no thresholds, no accept/reject
-
- decision, no P&L math.
--
-- It intentionally fires on UPDATE only (not INSERT). Two reasons: (1) AAP 0.6.5 describes
-- this trigger's role as recording status CHANGES and recommends the least-risk audit
-- cascade; (2) dbo.Orders is written by the gat
eway with an INSERT ... OUTPUT INSERTED
-- pattern, and SQL Server forbids an OUTPUT clause (without INTO) on a table that has an
-- enabled INSERT trigger. The order's initial status is always authoritatively available on
-- dbo.Orders.status, so it is n
ot duplicated into the derived history table.
--
-- DECISION (Option A - KEEP; mandatory inline record, AAP 0.6.5 / 0.7.2): this trigger is
-- RETAINED at the database layer rather than relocated to C#. Rationale: the only
-- conditional here is the narro
w "IF NOT UPDATE(status) RETURN" guard, which merely gates
-- the history write - it is defensible CRUD, not risk decisioning or P&L math. Option B
-- (relocating this to C#) would only be required under a strict "zero conditional logic in
-- SQL" reading
, which the AAP does not enforce.
--
-- AUDIT INTEGRITY (review finding MA-12): OrderStatusHistory is BEST-EFFORT derived history,
-- not a tamper-proof append-only log - the cascade is not backed by least-privilege
-- credentials or immutable-audit contr
ols (a deployment concern out of scope here). The
-- overclaimed "append-only guarantee" wording has been removed; see the file header.
-- ============================================================================
CREATE   TRIGGER dbo.trg_Orders_StatusA
udit
ON dbo.Orders
AFTER UPDATE
AS
BEGIN
	SET NOCOUNT ON;

	IF NOT UPDATE(status)
		RETURN;

	INSERT INTO dbo.OrderStatusHistory (order_id, old_status, new_status, changed_date)
	SELECT
		i.order_id,
		d.status,
		i.status,
		SYSUTCDATETIME()
	FROM insert
ed i
	JOIN deleted d ON d.order_id = i.order_id
	WHERE ISNULL(d.status, '') <> ISNULL(i.status, '');
END
                                                                                                                                                      
